# This file contains pairs of lines (bug number + pattern) to check for a blocker
# Empty lines and comments are ignored.
#

# (colon-in-CFLAGS) - (TRACKER) ebuilds using colon (:) as a sed delimiter break on CFLAGS=-falign-functions=32:25:16
#
685160
ebuild uses colon .* as a sed delimiter|error:.*falign-functions=32:25:16

# asciidoctor
744385
:in load: cannot load such file -- /usr/lib64/ruby/gems/

# tinfo) - [TRACKER] Failures with sys-libs/ncurses[tinfo]
457530
libtinfo.so.6: error adding symbols:

# (autoconf-2.7x) - [TRACKER] >=sys-devel/autoconf-2.70 issues
732648
Failed Running automake|configure: error: cannot find required auxiliary files:|configure.*syntax error near unexpected token newline|aclocal-.*: command not found|error: C compiler cannot create executables

#  (slibtool) - [tracker] Packages failing to build with sys-devel/slibtool
765709
slibtool|rlibtool|rdlibtool|error: unrecognized command-line option|./shtool:|syntax error: .* unexpected

#  (gcc-11) - [TRACKER] sys-devel/gcc-11 porting
732706 maybe gcc-11 related
maybe gcc-11 related| is not a member of std|in namespace std|.* does not name a type

# (mbedtls-3) - [TRACKER] >=net-libs/mbedtls-3.0 breaks multiple revdeps
805011
mbedtls

# (openssl-3.0) - [TRACKER] packages failing with =dev-libs/openssl-3.0.0
797325
EVP_|RSA_SSLV23_PADDING|VERSION_OPENSSL_|error: key undeclared|FIPS_|ERR_GET_FUNC|CRYPTO_|ctx|get_dh2048|ssl|SSL|INT_MAX|HMAC_|rsa_|CRYPTO_|DSA

# (glibc-2.34) - [TRACKER] sys-libs/glibc-2.34 related issues
803482
variably modified .* at file scope|size of array .* is not an integral|void value not ignored as it ought to be|expected declaration specifiers or|missing binary operator before token|initializer element is not constant| undeclared \(first use in this function\)|macro .* requires an identifier|size of array .* is not an integral| .* undeclared|call to non-constexpr function| pthread|storage size of .* isnt constant|conflicting types for .*|expected \) before| redeclared as different kind of symbol|malloc attribute argument .* is ambiguous|static declaration of .* follows non-static declaration

#  (boost-1.77) - [Tracker] Packages failing to build with ~dev-libs/boost-1.77
808087
boost
